<?xml version="1.0" encoding="UTF-8" ?>
<testsuite tests="7" failures="0" name="com.revature.ServiceTest" time="12.482" errors="0" skipped="0">
  <properties>
[...]
</properties>
  <testcase classname="com.revature.ServiceTest" name="insert" time="9.401"/>
  <testcase classname="com.revature.ServiceTest" name="remove" time="1.071"/>
  <testcase classname="com.revature.ServiceTest" name="select" time="0.461"/>
  <testcase classname="com.revature.ServiceTest" name="update" time="0.294"/>
  <testcase classname="com.revature.ServiceTest" name="add" time="0.802"/>
  <testcase classname="com.revature.ServiceTest" name="followee" time="0.251"/>
  <testcase classname="com.revature.ServiceTest" name="follower" time="0.202"/>
</testsuite>